2020-06-16 10:52:12.510  INFO 16228 --- [main] com.redis.test.Application               : Starting Application on Jasonhls with PID 16228 (E:\originalProjects\SpringBootTest\target\classes started by Jason in E:\originalProjects\SpringBootTest)
2020-06-16 10:52:12.549 DEBUG 16228 --- [main] com.redis.test.Application               : Running with Spring Boot v2.1.6.RELEASE, Spring v5.1.8.RELEASE
2020-06-16 10:52:12.549  INFO 16228 --- [main] com.redis.test.Application               : The following profiles are active: local
2020-06-16 10:52:48.997  INFO 16228 --- [main] .s.d.r.c.RepositoryConfigurationDelegate : Multiple Spring Data modules found, entering strict repository configuration mode!
2020-06-16 10:52:49.005  INFO 16228 --- [main] .s.d.r.c.RepositoryConfigurationDelegate : Bootstrapping Spring Data repositories in DEFAULT mode.
2020-06-16 10:52:49.200  INFO 16228 --- [main] .s.d.r.c.RepositoryConfigurationDelegate : Finished Spring Data repository scanning in 148ms. Found 0 repository interfaces.
2020-06-16 10:53:30.190  INFO 16228 --- [main] trationDelegate$BeanPostProcessorChecker : Bean 'org.springframework.kafka.annotation.KafkaBootstrapConfiguration' of type [org.springframework.kafka.annotation.KafkaBootstrapConfiguration$$EnhancerBySpringCGLIB$$5a309160] is not eligible for getting processed by all BeanPostProcessors (for example: not eligible for auto-proxying)
2020-06-16 10:53:42.772  INFO 16228 --- [main] trationDelegate$BeanPostProcessorChecker : Bean 'org.springframework.transaction.annotation.ProxyTransactionManagementConfiguration' of type [org.springframework.transaction.annotation.ProxyTransactionManagementConfiguration$$EnhancerBySpringCGLIB$$867e7fdd] is not eligible for getting processed by all BeanPostProcessors (for example: not eligible for auto-proxying)
2020-06-16 10:54:59.294  INFO 16228 --- [main] o.s.b.w.embedded.tomcat.TomcatWebServer  : Tomcat initialized with port(s): 8080 (http)
2020-06-16 10:54:59.317  INFO 16228 --- [main] o.apache.catalina.core.StandardService   : Starting service [Tomcat]
2020-06-16 10:54:59.317  INFO 16228 --- [main] org.apache.catalina.core.StandardEngine  : Starting Servlet engine: [Apache Tomcat/9.0.21]
2020-06-16 10:54:59.575  INFO 16228 --- [main] o.a.c.c.C.[Tomcat].[localhost].[/]       : Initializing Spring embedded WebApplicationContext
2020-06-16 10:54:59.575  INFO 16228 --- [main] o.s.web.context.ContextLoader            : Root WebApplicationContext: initialization completed in 166964 ms
2020-06-16 10:57:21.548  WARN 16228 --- [main] c.b.m.core.metadata.TableInfoHelper      : Warn: Could not find @TableId in Class: com.redis.test.entity.TbMiaosha.
2020-06-16 11:00:25.798  INFO 16228 --- [main] o.s.s.concurrent.ThreadPoolTaskExecutor  : Initializing ExecutorService 'applicationTaskExecutor'
2020-06-16 11:03:33.195  INFO 16228 --- [main] o.s.b.w.embedded.tomcat.TomcatWebServer  : Tomcat started on port(s): 8080 (http) with context path ''
2020-06-16 11:03:33.298  INFO 16228 --- [main] com.redis.test.Application               : Started Application in 682.553 seconds (JVM running for 691.023)
2020-06-16 11:03:45.132  INFO 16228 --- [http-nio-8080-exec-2] o.a.c.c.C.[Tomcat].[localhost].[/]       : Initializing Spring DispatcherServlet 'dispatcherServlet'
2020-06-16 11:03:45.132  INFO 16228 --- [http-nio-8080-exec-2] o.s.web.servlet.DispatcherServlet        : Initializing Servlet 'dispatcherServlet'
2020-06-16 11:04:07.082  INFO 16228 --- [http-nio-8080-exec-2] o.s.web.servlet.DispatcherServlet        : Completed initialization in 21950 ms
2020-06-16 11:04:07.383  INFO 16228 --- [http-nio-8080-exec-2] com.alibaba.druid.pool.DruidDataSource   : {dataSource-1} inited
2020-06-16 11:04:07.587 DEBUG 16228 --- [http-nio-8080-exec-2] c.r.test.mapper.StoreMapper.selectById   : ==>  Preparing: SELECT id,updated_time,is_deleted,created_time,lon,store_name,updated_user,created_user,lat FROM store WHERE id=? 
2020-06-16 11:04:07.611 DEBUG 16228 --- [http-nio-8080-exec-2] c.r.test.mapper.StoreMapper.selectById   : ==> Parameters: 2(Integer)
2020-06-16 11:04:07.639 DEBUG 16228 --- [http-nio-8080-exec-2] c.r.test.mapper.StoreMapper.selectById   : <==      Total: 1
2020-06-16 11:04:07.673 DEBUG 16228 --- [http-nio-8080-exec-2] c.r.test.mapper.StoreMapper.updateById   : ==>  Preparing: UPDATE store SET updated_time=?, lon=?, store_name=?, updated_user=? WHERE id=? 
2020-06-16 11:04:07.675 DEBUG 16228 --- [http-nio-8080-exec-2] c.r.test.mapper.StoreMapper.updateById   : ==> Parameters: 2020-06-16 11:04:07.291(Timestamp), 40(String), 店铺测试二22(String), helisen(String), 2(Integer)
2020-06-16 11:04:07.686 DEBUG 16228 --- [http-nio-8080-exec-2] c.r.test.mapper.StoreMapper.updateById   : <==    Updates: 1
2020-06-16 11:04:11.004 DEBUG 16228 --- [http-nio-8080-exec-2] c.r.test.mapper.StoreMapper.selectById   : ==>  Preparing: SELECT id,updated_time,is_deleted,created_time,lon,store_name,updated_user,created_user,lat FROM store WHERE id=? 
2020-06-16 11:04:11.004 DEBUG 16228 --- [http-nio-8080-exec-2] c.r.test.mapper.StoreMapper.selectById   : ==> Parameters: 2(Integer)
2020-06-16 11:04:11.006 DEBUG 16228 --- [http-nio-8080-exec-2] c.r.test.mapper.StoreMapper.selectById   : <==      Total: 1
2020-06-16 11:04:11.052 DEBUG 16228 --- [http-nio-8080-exec-2] c.r.test.mapper.SpuMapper.selectList     : ==>  Preparing: SELECT id,updated_time,spu_name,is_deleted,created_time,updated_user,store_id,created_user FROM spu WHERE (store_id IN (?) AND is_deleted = ?) ORDER BY created_time DESC 
2020-06-16 11:04:11.054 DEBUG 16228 --- [http-nio-8080-exec-2] c.r.test.mapper.SpuMapper.selectList     : ==> Parameters: 2(Integer), false(Boolean)
2020-06-16 11:04:11.062 DEBUG 16228 --- [http-nio-8080-exec-2] c.r.test.mapper.SpuMapper.selectList     : <==      Total: 3
2020-06-16 11:04:11.069 DEBUG 16228 --- [http-nio-8080-exec-2] c.r.test.mapper.SkuMapper.selectList     : ==>  Preparing: SELECT id,sku_name,updated_time,is_deleted,price,created_time,spu_id,updated_user,created_user FROM sku WHERE (spu_id IN (?,?,?) AND is_deleted = ?) ORDER BY created_time DESC 
2020-06-16 11:04:11.070 DEBUG 16228 --- [http-nio-8080-exec-2] c.r.test.mapper.SkuMapper.selectList     : ==> Parameters: 7(Integer), 6(Integer), 5(Integer), false(Boolean)
2020-06-16 11:04:11.076 DEBUG 16228 --- [http-nio-8080-exec-2] c.r.test.mapper.SkuMapper.selectList     : <==      Total: 4
2020-06-16 11:04:12.095  INFO 16228 --- [I/O dispatcher 1] c.r.test.service.impl.StoreServiceImpl   : add store index IndexResponse[index=store_index,type=doc,id=2,version=1,result=created,seqNo=0,primaryTerm=2,shards={"total":2,"successful":1,"failed":0}]
2020-06-16 11:29:42.459  INFO 16228 --- [Thread-413] o.s.s.concurrent.ThreadPoolTaskExecutor  : Shutting down ExecutorService 'applicationTaskExecutor'
2020-06-16 11:29:42.502  INFO 16228 --- [Thread-413] com.alibaba.druid.pool.DruidDataSource   : {dataSource-1} closed
2020-06-16 12:39:11.966  INFO 6424 --- [main] com.redis.test.Application               : Starting Application on Jasonhls with PID 6424 (E:\originalProjects\SpringBootTest\target\classes started by Jason in E:\originalProjects\SpringBootTest)
2020-06-16 12:39:11.993 DEBUG 6424 --- [main] com.redis.test.Application               : Running with Spring Boot v2.1.6.RELEASE, Spring v5.1.8.RELEASE
2020-06-16 12:39:11.993  INFO 6424 --- [main] com.redis.test.Application               : The following profiles are active: local
2020-06-16 12:39:48.198  INFO 6424 --- [main] .s.d.r.c.RepositoryConfigurationDelegate : Multiple Spring Data modules found, entering strict repository configuration mode!
2020-06-16 12:39:48.202  INFO 6424 --- [main] .s.d.r.c.RepositoryConfigurationDelegate : Bootstrapping Spring Data repositories in DEFAULT mode.
2020-06-16 12:39:48.370  INFO 6424 --- [main] .s.d.r.c.RepositoryConfigurationDelegate : Finished Spring Data repository scanning in 145ms. Found 0 repository interfaces.
2020-06-16 12:40:32.797  INFO 6424 --- [main] trationDelegate$BeanPostProcessorChecker : Bean 'org.springframework.kafka.annotation.KafkaBootstrapConfiguration' of type [org.springframework.kafka.annotation.KafkaBootstrapConfiguration$$EnhancerBySpringCGLIB$$770c24cc] is not eligible for getting processed by all BeanPostProcessors (for example: not eligible for auto-proxying)
2020-06-16 12:40:44.690  INFO 6424 --- [main] trationDelegate$BeanPostProcessorChecker : Bean 'org.springframework.transaction.annotation.ProxyTransactionManagementConfiguration' of type [org.springframework.transaction.annotation.ProxyTransactionManagementConfiguration$$EnhancerBySpringCGLIB$$a35a1349] is not eligible for getting processed by all BeanPostProcessors (for example: not eligible for auto-proxying)
2020-06-16 12:41:50.835  INFO 6424 --- [main] o.s.b.w.embedded.tomcat.TomcatWebServer  : Tomcat initialized with port(s): 8080 (http)
2020-06-16 12:41:50.862  INFO 6424 --- [main] o.apache.catalina.core.StandardService   : Starting service [Tomcat]
2020-06-16 12:41:50.862  INFO 6424 --- [main] org.apache.catalina.core.StandardEngine  : Starting Servlet engine: [Apache Tomcat/9.0.21]
2020-06-16 12:41:51.104  INFO 6424 --- [main] o.a.c.c.C.[Tomcat].[localhost].[/]       : Initializing Spring embedded WebApplicationContext
2020-06-16 12:41:51.104  INFO 6424 --- [main] o.s.web.context.ContextLoader            : Root WebApplicationContext: initialization completed in 159048 ms
2020-06-16 12:44:10.013  WARN 6424 --- [main] c.b.m.core.metadata.TableInfoHelper      : Warn: Could not find @TableId in Class: com.redis.test.entity.TbMiaosha.
2020-06-16 12:47:16.571  INFO 6424 --- [main] o.s.s.concurrent.ThreadPoolTaskExecutor  : Initializing ExecutorService 'applicationTaskExecutor'
2020-06-16 12:50:13.362  INFO 6424 --- [main] o.s.b.w.embedded.tomcat.TomcatWebServer  : Tomcat started on port(s): 8080 (http) with context path ''
2020-06-16 12:50:13.460  INFO 6424 --- [main] com.redis.test.Application               : Started Application in 662.733 seconds (JVM running for 665.84)
2020-06-16 12:51:51.675  INFO 6424 --- [http-nio-8080-exec-1] o.a.c.c.C.[Tomcat].[localhost].[/]       : Initializing Spring DispatcherServlet 'dispatcherServlet'
2020-06-16 12:51:51.675  INFO 6424 --- [http-nio-8080-exec-1] o.s.web.servlet.DispatcherServlet        : Initializing Servlet 'dispatcherServlet'
2020-06-16 12:52:09.724  INFO 6424 --- [http-nio-8080-exec-1] o.s.web.servlet.DispatcherServlet        : Completed initialization in 18049 ms
2020-06-16 12:52:09.969  INFO 6424 --- [http-nio-8080-exec-1] com.alibaba.druid.pool.DruidDataSource   : {dataSource-1} inited
2020-06-16 12:52:10.315 DEBUG 6424 --- [http-nio-8080-exec-1] c.r.test.mapper.StoreMapper.selectById   : ==>  Preparing: SELECT id,updated_time,is_deleted,created_time,lon,store_name,updated_user,created_user,lat FROM store WHERE id=? 
2020-06-16 12:52:10.338 DEBUG 6424 --- [http-nio-8080-exec-1] c.r.test.mapper.StoreMapper.selectById   : ==> Parameters: 2(Integer)
2020-06-16 12:52:10.364 DEBUG 6424 --- [http-nio-8080-exec-1] c.r.test.mapper.StoreMapper.selectById   : <==      Total: 1
2020-06-16 12:52:10.399 DEBUG 6424 --- [http-nio-8080-exec-1] c.r.test.mapper.StoreMapper.updateById   : ==>  Preparing: UPDATE store SET updated_time=?, lon=?, store_name=?, updated_user=? WHERE id=? 
2020-06-16 12:52:10.403 DEBUG 6424 --- [http-nio-8080-exec-1] c.r.test.mapper.StoreMapper.updateById   : ==> Parameters: 2020-06-16 12:52:09.885(Timestamp), 55(String), 店铺测试二123(String), helisen(String), 2(Integer)
2020-06-16 12:52:10.461 DEBUG 6424 --- [http-nio-8080-exec-1] c.r.test.mapper.StoreMapper.updateById   : <==    Updates: 1
2020-06-16 12:52:12.977 DEBUG 6424 --- [http-nio-8080-exec-1] c.r.test.mapper.StoreMapper.selectById   : ==>  Preparing: SELECT id,updated_time,is_deleted,created_time,lon,store_name,updated_user,created_user,lat FROM store WHERE id=? 
2020-06-16 12:52:12.980 DEBUG 6424 --- [http-nio-8080-exec-1] c.r.test.mapper.StoreMapper.selectById   : ==> Parameters: 2(Integer)
2020-06-16 12:52:13.009 DEBUG 6424 --- [http-nio-8080-exec-1] c.r.test.mapper.StoreMapper.selectById   : <==      Total: 1
2020-06-16 12:52:13.885 DEBUG 6424 --- [http-nio-8080-exec-1] c.r.test.mapper.SpuMapper.selectList     : ==>  Preparing: SELECT id,updated_time,spu_name,is_deleted,created_time,updated_user,store_id,created_user FROM spu WHERE (store_id IN (?) AND is_deleted = ?) ORDER BY created_time DESC 
2020-06-16 12:52:13.885 DEBUG 6424 --- [http-nio-8080-exec-1] c.r.test.mapper.SpuMapper.selectList     : ==> Parameters: 2(Integer), false(Boolean)
2020-06-16 12:52:13.888 DEBUG 6424 --- [http-nio-8080-exec-1] c.r.test.mapper.SpuMapper.selectList     : <==      Total: 3
2020-06-16 12:52:13.897 DEBUG 6424 --- [http-nio-8080-exec-1] c.r.test.mapper.SkuMapper.selectList     : ==>  Preparing: SELECT id,sku_name,updated_time,is_deleted,price,created_time,spu_id,updated_user,created_user FROM sku WHERE (spu_id IN (?,?,?) AND is_deleted = ?) ORDER BY created_time DESC 
2020-06-16 12:52:13.898 DEBUG 6424 --- [http-nio-8080-exec-1] c.r.test.mapper.SkuMapper.selectList     : ==> Parameters: 7(Integer), 6(Integer), 5(Integer), false(Boolean)
2020-06-16 12:52:13.902 DEBUG 6424 --- [http-nio-8080-exec-1] c.r.test.mapper.SkuMapper.selectList     : <==      Total: 4
2020-06-16 12:52:14.173  INFO 6424 --- [I/O dispatcher 1] c.r.test.service.impl.StoreServiceImpl   : add store index IndexResponse[index=store_index,type=doc,id=2,version=1,result=created,seqNo=2,primaryTerm=2,shards={"total":2,"successful":1,"failed":0}]
2020-06-16 12:53:05.842 DEBUG 6424 --- [http-nio-8080-exec-2] c.r.test.mapper.StoreMapper.selectById   : ==>  Preparing: SELECT id,updated_time,is_deleted,created_time,lon,store_name,updated_user,created_user,lat FROM store WHERE id=? 
2020-06-16 12:53:05.842 DEBUG 6424 --- [http-nio-8080-exec-2] c.r.test.mapper.StoreMapper.selectById   : ==> Parameters: 1(Integer)
2020-06-16 12:53:05.843 DEBUG 6424 --- [http-nio-8080-exec-2] c.r.test.mapper.StoreMapper.selectById   : <==      Total: 1
2020-06-16 12:53:05.845 DEBUG 6424 --- [http-nio-8080-exec-2] c.r.test.mapper.StoreMapper.updateById   : ==>  Preparing: UPDATE store SET updated_time=?, lon=?, store_name=?, updated_user=? WHERE id=? 
2020-06-16 12:53:05.846 DEBUG 6424 --- [http-nio-8080-exec-2] c.r.test.mapper.StoreMapper.updateById   : ==> Parameters: 2020-06-16 12:53:05.841(Timestamp), 35(String), 店铺测试111(String), helisen(String), 1(Integer)
2020-06-16 12:53:05.889 DEBUG 6424 --- [http-nio-8080-exec-2] c.r.test.mapper.StoreMapper.updateById   : <==    Updates: 1
2020-06-16 12:53:09.174 DEBUG 6424 --- [http-nio-8080-exec-2] c.r.test.mapper.StoreMapper.selectById   : ==>  Preparing: SELECT id,updated_time,is_deleted,created_time,lon,store_name,updated_user,created_user,lat FROM store WHERE id=? 
2020-06-16 12:53:09.174 DEBUG 6424 --- [http-nio-8080-exec-2] c.r.test.mapper.StoreMapper.selectById   : ==> Parameters: 1(Integer)
2020-06-16 12:53:09.177 DEBUG 6424 --- [http-nio-8080-exec-2] c.r.test.mapper.StoreMapper.selectById   : <==      Total: 1
2020-06-16 12:53:09.528  INFO 6424 --- [I/O dispatcher 1] c.r.test.service.impl.StoreServiceImpl   : add store index IndexResponse[index=store_index,type=doc,id=1,version=1,result=created,seqNo=3,primaryTerm=2,shards={"total":2,"successful":1,"failed":0}]
2020-06-16 12:53:09.531 DEBUG 6424 --- [http-nio-8080-exec-2] c.r.test.mapper.SpuMapper.selectList     : ==>  Preparing: SELECT id,updated_time,spu_name,is_deleted,created_time,updated_user,store_id,created_user FROM spu WHERE (store_id IN (?) AND is_deleted = ?) ORDER BY created_time DESC 
2020-06-16 12:53:09.531 DEBUG 6424 --- [http-nio-8080-exec-2] c.r.test.mapper.SpuMapper.selectList     : ==> Parameters: 1(Integer), false(Boolean)
2020-06-16 12:53:09.598 DEBUG 6424 --- [http-nio-8080-exec-2] c.r.test.mapper.SpuMapper.selectList     : <==      Total: 4
2020-06-16 12:53:09.601 DEBUG 6424 --- [http-nio-8080-exec-2] c.r.test.mapper.SkuMapper.selectList     : ==>  Preparing: SELECT id,sku_name,updated_time,is_deleted,price,created_time,spu_id,updated_user,created_user FROM sku WHERE (spu_id IN (?,?,?,?) AND is_deleted = ?) ORDER BY created_time DESC 
2020-06-16 12:53:09.601 DEBUG 6424 --- [http-nio-8080-exec-2] c.r.test.mapper.SkuMapper.selectList     : ==> Parameters: 4(Integer), 3(Integer), 2(Integer), 1(Integer), false(Boolean)
2020-06-16 12:53:09.604 DEBUG 6424 --- [http-nio-8080-exec-2] c.r.test.mapper.SkuMapper.selectList     : <==      Total: 5
2020-06-16 13:50:13.950  INFO 6424 --- [Thread-455] o.s.s.concurrent.ThreadPoolTaskExecutor  : Shutting down ExecutorService 'applicationTaskExecutor'
2020-06-16 13:50:13.954  INFO 6424 --- [Thread-455] com.alibaba.druid.pool.DruidDataSource   : {dataSource-1} closed
2020-06-16 13:52:11.993  INFO 6184 --- [main] com.redis.test.Application               : Starting Application on Jasonhls with PID 6184 (E:\originalProjects\SpringBootTest\target\classes started by Jason in E:\originalProjects\SpringBootTest)
2020-06-16 13:52:11.997 DEBUG 6184 --- [main] com.redis.test.Application               : Running with Spring Boot v2.1.6.RELEASE, Spring v5.1.8.RELEASE
2020-06-16 13:52:11.997  INFO 6184 --- [main] com.redis.test.Application               : The following profiles are active: local
2020-06-16 13:52:41.850  INFO 6184 --- [main] .s.d.r.c.RepositoryConfigurationDelegate : Multiple Spring Data modules found, entering strict repository configuration mode!
2020-06-16 13:52:41.852  INFO 6184 --- [main] .s.d.r.c.RepositoryConfigurationDelegate : Bootstrapping Spring Data repositories in DEFAULT mode.
2020-06-16 13:52:41.993  INFO 6184 --- [main] .s.d.r.c.RepositoryConfigurationDelegate : Finished Spring Data repository scanning in 121ms. Found 0 repository interfaces.
2020-06-16 13:53:22.053  INFO 6184 --- [main] trationDelegate$BeanPostProcessorChecker : Bean 'org.springframework.kafka.annotation.KafkaBootstrapConfiguration' of type [org.springframework.kafka.annotation.KafkaBootstrapConfiguration$$EnhancerBySpringCGLIB$$73db6c6a] is not eligible for getting processed by all BeanPostProcessors (for example: not eligible for auto-proxying)
2020-06-16 13:53:33.897  INFO 6184 --- [main] trationDelegate$BeanPostProcessorChecker : Bean 'org.springframework.transaction.annotation.ProxyTransactionManagementConfiguration' of type [org.springframework.transaction.annotation.ProxyTransactionManagementConfiguration$$EnhancerBySpringCGLIB$$a0295ae7] is not eligible for getting processed by all BeanPostProcessors (for example: not eligible for auto-proxying)
2020-06-16 13:54:42.440  INFO 6184 --- [main] o.s.b.w.embedded.tomcat.TomcatWebServer  : Tomcat initialized with port(s): 8080 (http)
2020-06-16 13:54:42.460  INFO 6184 --- [main] o.apache.catalina.core.StandardService   : Starting service [Tomcat]
2020-06-16 13:54:42.464  INFO 6184 --- [main] org.apache.catalina.core.StandardEngine  : Starting Servlet engine: [Apache Tomcat/9.0.21]
2020-06-16 13:54:42.698  INFO 6184 --- [main] o.a.c.c.C.[Tomcat].[localhost].[/]       : Initializing Spring embedded WebApplicationContext
2020-06-16 13:54:42.698  INFO 6184 --- [main] o.s.web.context.ContextLoader            : Root WebApplicationContext: initialization completed in 150588 ms
2020-06-16 13:56:55.176  WARN 6184 --- [main] c.b.m.core.metadata.TableInfoHelper      : Warn: Could not find @TableId in Class: com.redis.test.entity.TbMiaosha.
2020-06-16 13:59:53.887  INFO 6184 --- [main] o.s.s.concurrent.ThreadPoolTaskExecutor  : Initializing ExecutorService 'applicationTaskExecutor'
2020-06-16 14:02:49.570  INFO 6184 --- [main] o.s.b.w.embedded.tomcat.TomcatWebServer  : Tomcat started on port(s): 8080 (http) with context path ''
2020-06-16 14:02:49.679  INFO 6184 --- [main] com.redis.test.Application               : Started Application in 638.514 seconds (JVM running for 641.342)
2020-06-16 14:03:00.237  INFO 6184 --- [http-nio-8080-exec-2] o.a.c.c.C.[Tomcat].[localhost].[/]       : Initializing Spring DispatcherServlet 'dispatcherServlet'
2020-06-16 14:03:00.237  INFO 6184 --- [http-nio-8080-exec-2] o.s.web.servlet.DispatcherServlet        : Initializing Servlet 'dispatcherServlet'
2020-06-16 14:03:18.810  INFO 6184 --- [http-nio-8080-exec-2] o.s.web.servlet.DispatcherServlet        : Completed initialization in 18572 ms
2020-06-16 14:03:19.063  INFO 6184 --- [http-nio-8080-exec-2] com.alibaba.druid.pool.DruidDataSource   : {dataSource-1} inited
2020-06-16 14:03:19.239 DEBUG 6184 --- [http-nio-8080-exec-2] c.r.test.mapper.StoreMapper.selectById   : ==>  Preparing: SELECT id,updated_time,is_deleted,created_time,lon,store_name,updated_user,created_user,lat FROM store WHERE id=? 
2020-06-16 14:03:19.266 DEBUG 6184 --- [http-nio-8080-exec-2] c.r.test.mapper.StoreMapper.selectById   : ==> Parameters: 1(Integer)
2020-06-16 14:03:19.289 DEBUG 6184 --- [http-nio-8080-exec-2] c.r.test.mapper.StoreMapper.selectById   : <==      Total: 1
2020-06-16 14:03:19.325 DEBUG 6184 --- [http-nio-8080-exec-2] c.r.test.mapper.StoreMapper.updateById   : ==>  Preparing: UPDATE store SET updated_time=?, lon=?, store_name=?, updated_user=? WHERE id=? 
2020-06-16 14:03:19.328 DEBUG 6184 --- [http-nio-8080-exec-2] c.r.test.mapper.StoreMapper.updateById   : ==> Parameters: 2020-06-16 14:03:18.973(Timestamp), 35(String), 店铺测试111(String), helisen(String), 1(Integer)
2020-06-16 14:03:19.344 DEBUG 6184 --- [http-nio-8080-exec-2] c.r.test.mapper.StoreMapper.updateById   : <==    Updates: 1
2020-06-16 14:03:19.344 DEBUG 6184 --- [http-nio-8080-exec-2] c.r.test.mapper.StoreMapper.selectById   : ==>  Preparing: SELECT id,updated_time,is_deleted,created_time,lon,store_name,updated_user,created_user,lat FROM store WHERE id=? 
2020-06-16 14:03:19.344 DEBUG 6184 --- [http-nio-8080-exec-2] c.r.test.mapper.StoreMapper.selectById   : ==> Parameters: 1(Integer)
2020-06-16 14:03:19.344 DEBUG 6184 --- [http-nio-8080-exec-2] c.r.test.mapper.StoreMapper.selectById   : <==      Total: 1
2020-06-16 14:03:19.927  INFO 6184 --- [I/O dispatcher 1] c.r.test.service.impl.StoreServiceImpl   : add store index IndexResponse[index=store_index,type=doc,id=1,version=1,result=created,seqNo=6,primaryTerm=2,shards={"total":2,"successful":1,"failed":0}]
2020-06-16 14:04:45.809 DEBUG 6184 --- [http-nio-8080-exec-4] c.r.test.mapper.SpuMapper.selectList     : ==>  Preparing: SELECT id,updated_time,spu_name,is_deleted,created_time,updated_user,store_id,created_user FROM spu WHERE (store_id IN (?) AND is_deleted = ?) ORDER BY created_time DESC 
2020-06-16 14:04:45.810 DEBUG 6184 --- [http-nio-8080-exec-4] c.r.test.mapper.SpuMapper.selectList     : ==> Parameters: null, false(Boolean)
2020-06-16 14:04:45.825 DEBUG 6184 --- [http-nio-8080-exec-4] c.r.test.mapper.SpuMapper.selectList     : <==      Total: 0
2020-06-16 14:04:45.844 ERROR 6184 --- [http-nio-8080-exec-4] o.a.c.c.C.[.[.[/].[dispatcherServlet]    : Servlet.service() for servlet [dispatcherServlet] in context with path [] threw exception [Request processing failed; nested exception is java.lang.NullPointerException] with root cause

java.lang.NullPointerException: null
	at com.redis.test.service.impl.SpuServiceImpl.updateSpuIndex(SpuServiceImpl.java:75) ~[classes/:na]
	at sun.reflect.NativeMethodAccessorImpl.invoke0(Native Method) ~[na:1.8.0_192]
	at sun.reflect.NativeMethodAccessorImpl.invoke(NativeMethodAccessorImpl.java:62) ~[na:1.8.0_192]
	at sun.reflect.DelegatingMethodAccessorImpl.invoke(DelegatingMethodAccessorImpl.java:43) ~[na:1.8.0_192]
	at java.lang.reflect.Method.invoke(Method.java:498) ~[na:1.8.0_192]
	at org.springframework.aop.support.AopUtils.invokeJoinpointUsingReflection(AopUtils.java:343) ~[spring-aop-5.1.8.RELEASE.jar:5.1.8.RELEASE]
	at org.springframework.aop.framework.JdkDynamicAopProxy.invoke(JdkDynamicAopProxy.java:205) ~[spring-aop-5.1.8.RELEASE.jar:5.1.8.RELEASE]
	at com.sun.proxy.$Proxy88.updateSpuIndex(Unknown Source) ~[na:na]
	at com.redis.test.controller.SpuController.updateSpuIndex(SpuController.java:31) ~[classes/:na]
	at sun.reflect.NativeMethodAccessorImpl.invoke0(Native Method) ~[na:1.8.0_192]
	at sun.reflect.NativeMethodAccessorImpl.invoke(NativeMethodAccessorImpl.java:62) ~[na:1.8.0_192]
	at sun.reflect.DelegatingMethodAccessorImpl.invoke(DelegatingMethodAccessorImpl.java:43) ~[na:1.8.0_192]
	at java.lang.reflect.Method.invoke(Method.java:498) ~[na:1.8.0_192]
	at org.springframework.web.method.support.InvocableHandlerMethod.doInvoke(InvocableHandlerMethod.java:190) ~[spring-web-5.1.8.RELEASE.jar:5.1.8.RELEASE]
	at org.springframework.web.method.support.InvocableHandlerMethod.invokeForRequest(InvocableHandlerMethod.java:138) ~[spring-web-5.1.8.RELEASE.jar:5.1.8.RELEASE]
	at org.springframework.web.servlet.mvc.method.annotation.ServletInvocableHandlerMethod.invokeAndHandle(ServletInvocableHandlerMethod.java:104) ~[spring-webmvc-5.1.8.RELEASE.jar:5.1.8.RELEASE]
	at org.springframework.web.servlet.mvc.method.annotation.RequestMappingHandlerAdapter.invokeHandlerMethod(RequestMappingHandlerAdapter.java:892) ~[spring-webmvc-5.1.8.RELEASE.jar:5.1.8.RELEASE]
	at org.springframework.web.servlet.mvc.method.annotation.RequestMappingHandlerAdapter.handleInternal(RequestMappingHandlerAdapter.java:797) ~[spring-webmvc-5.1.8.RELEASE.jar:5.1.8.RELEASE]
	at org.springframework.web.servlet.mvc.method.AbstractHandlerMethodAdapter.handle(AbstractHandlerMethodAdapter.java:87) ~[spring-webmvc-5.1.8.RELEASE.jar:5.1.8.RELEASE]
	at org.springframework.web.servlet.DispatcherServlet.doDispatch(DispatcherServlet.java:1039) ~[spring-webmvc-5.1.8.RELEASE.jar:5.1.8.RELEASE]
	at org.springframework.web.servlet.DispatcherServlet.doService(DispatcherServlet.java:942) ~[spring-webmvc-5.1.8.RELEASE.jar:5.1.8.RELEASE]
	at org.springframework.web.servlet.FrameworkServlet.processRequest(FrameworkServlet.java:1005) ~[spring-webmvc-5.1.8.RELEASE.jar:5.1.8.RELEASE]
	at org.springframework.web.servlet.FrameworkServlet.doGet(FrameworkServlet.java:897) ~[spring-webmvc-5.1.8.RELEASE.jar:5.1.8.RELEASE]
	at javax.servlet.http.HttpServlet.service(HttpServlet.java:634) ~[tomcat-embed-core-9.0.21.jar:9.0.21]
	at org.springframework.web.servlet.FrameworkServlet.service(FrameworkServlet.java:882) ~[spring-webmvc-5.1.8.RELEASE.jar:5.1.8.RELEASE]
	at javax.servlet.http.HttpServlet.service(HttpServlet.java:741) ~[tomcat-embed-core-9.0.21.jar:9.0.21]
	at org.apache.catalina.core.ApplicationFilterChain.internalDoFilter(ApplicationFilterChain.java:231) ~[tomcat-embed-core-9.0.21.jar:9.0.21]
	at org.apache.catalina.core.ApplicationFilterChain.doFilter(ApplicationFilterChain.java:166) ~[tomcat-embed-core-9.0.21.jar:9.0.21]
	at org.apache.tomcat.websocket.server.WsFilter.doFilter(WsFilter.java:53) ~[tomcat-embed-websocket-9.0.21.jar:9.0.21]
	at org.apache.catalina.core.ApplicationFilterChain.internalDoFilter(ApplicationFilterChain.java:193) ~[tomcat-embed-core-9.0.21.jar:9.0.21]
	at org.apache.catalina.core.ApplicationFilterChain.doFilter(ApplicationFilterChain.java:166) ~[tomcat-embed-core-9.0.21.jar:9.0.21]
	at org.springframework.web.filter.RequestContextFilter.doFilterInternal(RequestContextFilter.java:99) ~[spring-web-5.1.8.RELEASE.jar:5.1.8.RELEASE]
	at org.springframework.web.filter.OncePerRequestFilter.doFilter(OncePerRequestFilter.java:109) ~[spring-web-5.1.8.RELEASE.jar:5.1.8.RELEASE]
	at org.apache.catalina.core.ApplicationFilterChain.internalDoFilter(ApplicationFilterChain.java:193) ~[tomcat-embed-core-9.0.21.jar:9.0.21]
	at org.apache.catalina.core.ApplicationFilterChain.doFilter(ApplicationFilterChain.java:166) ~[tomcat-embed-core-9.0.21.jar:9.0.21]
	at org.springframework.web.filter.FormContentFilter.doFilterInternal(FormContentFilter.java:92) ~[spring-web-5.1.8.RELEASE.jar:5.1.8.RELEASE]
	at org.springframework.web.filter.OncePerRequestFilter.doFilter(OncePerRequestFilter.java:109) ~[spring-web-5.1.8.RELEASE.jar:5.1.8.RELEASE]
	at org.apache.catalina.core.ApplicationFilterChain.internalDoFilter(ApplicationFilterChain.java:193) ~[tomcat-embed-core-9.0.21.jar:9.0.21]
	at org.apache.catalina.core.ApplicationFilterChain.doFilter(ApplicationFilterChain.java:166) ~[tomcat-embed-core-9.0.21.jar:9.0.21]
	at org.springframework.web.filter.HiddenHttpMethodFilter.doFilterInternal(HiddenHttpMethodFilter.java:93) ~[spring-web-5.1.8.RELEASE.jar:5.1.8.RELEASE]
	at org.springframework.web.filter.OncePerRequestFilter.doFilter(OncePerRequestFilter.java:109) ~[spring-web-5.1.8.RELEASE.jar:5.1.8.RELEASE]
	at org.apache.catalina.core.ApplicationFilterChain.internalDoFilter(ApplicationFilterChain.java:193) ~[tomcat-embed-core-9.0.21.jar:9.0.21]
	at org.apache.catalina.core.ApplicationFilterChain.doFilter(ApplicationFilterChain.java:166) ~[tomcat-embed-core-9.0.21.jar:9.0.21]
	at org.springframework.web.filter.CharacterEncodingFilter.doFilterInternal(CharacterEncodingFilter.java:200) ~[spring-web-5.1.8.RELEASE.jar:5.1.8.RELEASE]
	at org.springframework.web.filter.OncePerRequestFilter.doFilter(OncePerRequestFilter.java:109) ~[spring-web-5.1.8.RELEASE.jar:5.1.8.RELEASE]
	at org.apache.catalina.core.ApplicationFilterChain.internalDoFilter(ApplicationFilterChain.java:193) ~[tomcat-embed-core-9.0.21.jar:9.0.21]
	at org.apache.catalina.core.ApplicationFilterChain.doFilter(ApplicationFilterChain.java:166) ~[tomcat-embed-core-9.0.21.jar:9.0.21]
	at org.apache.catalina.core.StandardWrapperValve.invoke(StandardWrapperValve.java:202) ~[tomcat-embed-core-9.0.21.jar:9.0.21]
	at org.apache.catalina.core.StandardContextValve.invoke(StandardContextValve.java:96) [tomcat-embed-core-9.0.21.jar:9.0.21]
	at org.apache.catalina.authenticator.AuthenticatorBase.invoke(AuthenticatorBase.java:490) [tomcat-embed-core-9.0.21.jar:9.0.21]
	at org.apache.catalina.core.StandardHostValve.invoke(StandardHostValve.java:139) [tomcat-embed-core-9.0.21.jar:9.0.21]
	at org.apache.catalina.valves.ErrorReportValve.invoke(ErrorReportValve.java:92) [tomcat-embed-core-9.0.21.jar:9.0.21]
	at org.apache.catalina.core.StandardEngineValve.invoke(StandardEngineValve.java:74) [tomcat-embed-core-9.0.21.jar:9.0.21]
	at org.apache.catalina.connector.CoyoteAdapter.service(CoyoteAdapter.java:343) [tomcat-embed-core-9.0.21.jar:9.0.21]
	at org.apache.coyote.http11.Http11Processor.service(Http11Processor.java:408) [tomcat-embed-core-9.0.21.jar:9.0.21]
	at org.apache.coyote.AbstractProcessorLight.process(AbstractProcessorLight.java:66) [tomcat-embed-core-9.0.21.jar:9.0.21]
	at org.apache.coyote.AbstractProtocol$ConnectionHandler.process(AbstractProtocol.java:853) [tomcat-embed-core-9.0.21.jar:9.0.21]
	at org.apache.tomcat.util.net.NioEndpoint$SocketProcessor.doRun(NioEndpoint.java:1587) [tomcat-embed-core-9.0.21.jar:9.0.21]
	at org.apache.tomcat.util.net.SocketProcessorBase.run(SocketProcessorBase.java:49) [tomcat-embed-core-9.0.21.jar:9.0.21]
	at java.util.concurrent.ThreadPoolExecutor.runWorker(ThreadPoolExecutor.java:1149) [na:1.8.0_192]
	at java.util.concurrent.ThreadPoolExecutor$Worker.run(ThreadPoolExecutor.java:624) [na:1.8.0_192]
	at org.apache.tomcat.util.threads.TaskThread$WrappingRunnable.run(TaskThread.java:61) [tomcat-embed-core-9.0.21.jar:9.0.21]
	at java.lang.Thread.run(Thread.java:748) [na:1.8.0_192]

2020-06-16 14:05:22.482 DEBUG 6184 --- [http-nio-8080-exec-5] c.r.test.mapper.SpuMapper.selectList     : ==>  Preparing: SELECT id,updated_time,spu_name,is_deleted,created_time,updated_user,store_id,created_user FROM spu WHERE (store_id IN (?) AND is_deleted = ?) ORDER BY created_time DESC 
2020-06-16 14:05:22.486 DEBUG 6184 --- [http-nio-8080-exec-5] c.r.test.mapper.SpuMapper.selectList     : ==> Parameters: null, false(Boolean)
2020-06-16 14:05:22.486 DEBUG 6184 --- [http-nio-8080-exec-5] c.r.test.mapper.SpuMapper.selectList     : <==      Total: 0
2020-06-16 14:05:22.705 ERROR 6184 --- [http-nio-8080-exec-5] o.a.c.c.C.[.[.[/].[dispatcherServlet]    : Servlet.service() for servlet [dispatcherServlet] in context with path [] threw exception [Request processing failed; nested exception is java.lang.NullPointerException] with root cause

java.lang.NullPointerException: null
	at com.redis.test.service.impl.SpuServiceImpl.updateSpuIndex(SpuServiceImpl.java:75) ~[classes/:na]
	at sun.reflect.NativeMethodAccessorImpl.invoke0(Native Method) ~[na:1.8.0_192]
	at sun.reflect.NativeMethodAccessorImpl.invoke(NativeMethodAccessorImpl.java:62) ~[na:1.8.0_192]
	at sun.reflect.DelegatingMethodAccessorImpl.invoke(DelegatingMethodAccessorImpl.java:43) ~[na:1.8.0_192]
	at java.lang.reflect.Method.invoke(Method.java:498) ~[na:1.8.0_192]
	at org.springframework.aop.support.AopUtils.invokeJoinpointUsingReflection(AopUtils.java:343) ~[spring-aop-5.1.8.RELEASE.jar:5.1.8.RELEASE]
	at org.springframework.aop.framework.JdkDynamicAopProxy.invoke(JdkDynamicAopProxy.java:205) ~[spring-aop-5.1.8.RELEASE.jar:5.1.8.RELEASE]
	at com.sun.proxy.$Proxy88.updateSpuIndex(Unknown Source) ~[na:na]
	at com.redis.test.controller.SpuController.updateSpuIndex(SpuController.java:31) ~[classes/:na]
	at sun.reflect.NativeMethodAccessorImpl.invoke0(Native Method) ~[na:1.8.0_192]
	at sun.reflect.NativeMethodAccessorImpl.invoke(NativeMethodAccessorImpl.java:62) ~[na:1.8.0_192]
	at sun.reflect.DelegatingMethodAccessorImpl.invoke(DelegatingMethodAccessorImpl.java:43) ~[na:1.8.0_192]
	at java.lang.reflect.Method.invoke(Method.java:498) ~[na:1.8.0_192]
	at org.springframework.web.method.support.InvocableHandlerMethod.doInvoke(InvocableHandlerMethod.java:190) ~[spring-web-5.1.8.RELEASE.jar:5.1.8.RELEASE]
	at org.springframework.web.method.support.InvocableHandlerMethod.invokeForRequest(InvocableHandlerMethod.java:138) ~[spring-web-5.1.8.RELEASE.jar:5.1.8.RELEASE]
	at org.springframework.web.servlet.mvc.method.annotation.ServletInvocableHandlerMethod.invokeAndHandle(ServletInvocableHandlerMethod.java:104) ~[spring-webmvc-5.1.8.RELEASE.jar:5.1.8.RELEASE]
	at org.springframework.web.servlet.mvc.method.annotation.RequestMappingHandlerAdapter.invokeHandlerMethod(RequestMappingHandlerAdapter.java:892) ~[spring-webmvc-5.1.8.RELEASE.jar:5.1.8.RELEASE]
	at org.springframework.web.servlet.mvc.method.annotation.RequestMappingHandlerAdapter.handleInternal(RequestMappingHandlerAdapter.java:797) ~[spring-webmvc-5.1.8.RELEASE.jar:5.1.8.RELEASE]
	at org.springframework.web.servlet.mvc.method.AbstractHandlerMethodAdapter.handle(AbstractHandlerMethodAdapter.java:87) ~[spring-webmvc-5.1.8.RELEASE.jar:5.1.8.RELEASE]
	at org.springframework.web.servlet.DispatcherServlet.doDispatch(DispatcherServlet.java:1039) ~[spring-webmvc-5.1.8.RELEASE.jar:5.1.8.RELEASE]
	at org.springframework.web.servlet.DispatcherServlet.doService(DispatcherServlet.java:942) ~[spring-webmvc-5.1.8.RELEASE.jar:5.1.8.RELEASE]
	at org.springframework.web.servlet.FrameworkServlet.processRequest(FrameworkServlet.java:1005) ~[spring-webmvc-5.1.8.RELEASE.jar:5.1.8.RELEASE]
	at org.springframework.web.servlet.FrameworkServlet.doGet(FrameworkServlet.java:897) ~[spring-webmvc-5.1.8.RELEASE.jar:5.1.8.RELEASE]
	at javax.servlet.http.HttpServlet.service(HttpServlet.java:634) ~[tomcat-embed-core-9.0.21.jar:9.0.21]
	at org.springframework.web.servlet.FrameworkServlet.service(FrameworkServlet.java:882) ~[spring-webmvc-5.1.8.RELEASE.jar:5.1.8.RELEASE]
	at javax.servlet.http.HttpServlet.service(HttpServlet.java:741) ~[tomcat-embed-core-9.0.21.jar:9.0.21]
	at org.apache.catalina.core.ApplicationFilterChain.internalDoFilter(ApplicationFilterChain.java:231) ~[tomcat-embed-core-9.0.21.jar:9.0.21]
	at org.apache.catalina.core.ApplicationFilterChain.doFilter(ApplicationFilterChain.java:166) ~[tomcat-embed-core-9.0.21.jar:9.0.21]
	at org.apache.tomcat.websocket.server.WsFilter.doFilter(WsFilter.java:53) ~[tomcat-embed-websocket-9.0.21.jar:9.0.21]
	at org.apache.catalina.core.ApplicationFilterChain.internalDoFilter(ApplicationFilterChain.java:193) ~[tomcat-embed-core-9.0.21.jar:9.0.21]
	at org.apache.catalina.core.ApplicationFilterChain.doFilter(ApplicationFilterChain.java:166) ~[tomcat-embed-core-9.0.21.jar:9.0.21]
	at org.springframework.web.filter.RequestContextFilter.doFilterInternal(RequestContextFilter.java:99) ~[spring-web-5.1.8.RELEASE.jar:5.1.8.RELEASE]
	at org.springframework.web.filter.OncePerRequestFilter.doFilter(OncePerRequestFilter.java:109) ~[spring-web-5.1.8.RELEASE.jar:5.1.8.RELEASE]
	at org.apache.catalina.core.ApplicationFilterChain.internalDoFilter(ApplicationFilterChain.java:193) ~[tomcat-embed-core-9.0.21.jar:9.0.21]
	at org.apache.catalina.core.ApplicationFilterChain.doFilter(ApplicationFilterChain.java:166) ~[tomcat-embed-core-9.0.21.jar:9.0.21]
	at org.springframework.web.filter.FormContentFilter.doFilterInternal(FormContentFilter.java:92) ~[spring-web-5.1.8.RELEASE.jar:5.1.8.RELEASE]
	at org.springframework.web.filter.OncePerRequestFilter.doFilter(OncePerRequestFilter.java:109) ~[spring-web-5.1.8.RELEASE.jar:5.1.8.RELEASE]
	at org.apache.catalina.core.ApplicationFilterChain.internalDoFilter(ApplicationFilterChain.java:193) ~[tomcat-embed-core-9.0.21.jar:9.0.21]
	at org.apache.catalina.core.ApplicationFilterChain.doFilter(ApplicationFilterChain.java:166) ~[tomcat-embed-core-9.0.21.jar:9.0.21]
	at org.springframework.web.filter.HiddenHttpMethodFilter.doFilterInternal(HiddenHttpMethodFilter.java:93) ~[spring-web-5.1.8.RELEASE.jar:5.1.8.RELEASE]
	at org.springframework.web.filter.OncePerRequestFilter.doFilter(OncePerRequestFilter.java:109) ~[spring-web-5.1.8.RELEASE.jar:5.1.8.RELEASE]
	at org.apache.catalina.core.ApplicationFilterChain.internalDoFilter(ApplicationFilterChain.java:193) ~[tomcat-embed-core-9.0.21.jar:9.0.21]
	at org.apache.catalina.core.ApplicationFilterChain.doFilter(ApplicationFilterChain.java:166) ~[tomcat-embed-core-9.0.21.jar:9.0.21]
	at org.springframework.web.filter.CharacterEncodingFilter.doFilterInternal(CharacterEncodingFilter.java:200) ~[spring-web-5.1.8.RELEASE.jar:5.1.8.RELEASE]
	at org.springframework.web.filter.OncePerRequestFilter.doFilter(OncePerRequestFilter.java:109) ~[spring-web-5.1.8.RELEASE.jar:5.1.8.RELEASE]
	at org.apache.catalina.core.ApplicationFilterChain.internalDoFilter(ApplicationFilterChain.java:193) ~[tomcat-embed-core-9.0.21.jar:9.0.21]
	at org.apache.catalina.core.ApplicationFilterChain.doFilter(ApplicationFilterChain.java:166) ~[tomcat-embed-core-9.0.21.jar:9.0.21]
	at org.apache.catalina.core.StandardWrapperValve.invoke(StandardWrapperValve.java:202) ~[tomcat-embed-core-9.0.21.jar:9.0.21]
	at org.apache.catalina.core.StandardContextValve.invoke(StandardContextValve.java:96) [tomcat-embed-core-9.0.21.jar:9.0.21]
	at org.apache.catalina.authenticator.AuthenticatorBase.invoke(AuthenticatorBase.java:490) [tomcat-embed-core-9.0.21.jar:9.0.21]
	at org.apache.catalina.core.StandardHostValve.invoke(StandardHostValve.java:139) [tomcat-embed-core-9.0.21.jar:9.0.21]
	at org.apache.catalina.valves.ErrorReportValve.invoke(ErrorReportValve.java:92) [tomcat-embed-core-9.0.21.jar:9.0.21]
	at org.apache.catalina.core.StandardEngineValve.invoke(StandardEngineValve.java:74) [tomcat-embed-core-9.0.21.jar:9.0.21]
	at org.apache.catalina.connector.CoyoteAdapter.service(CoyoteAdapter.java:343) [tomcat-embed-core-9.0.21.jar:9.0.21]
	at org.apache.coyote.http11.Http11Processor.service(Http11Processor.java:408) [tomcat-embed-core-9.0.21.jar:9.0.21]
	at org.apache.coyote.AbstractProcessorLight.process(AbstractProcessorLight.java:66) [tomcat-embed-core-9.0.21.jar:9.0.21]
	at org.apache.coyote.AbstractProtocol$ConnectionHandler.process(AbstractProtocol.java:853) [tomcat-embed-core-9.0.21.jar:9.0.21]
	at org.apache.tomcat.util.net.NioEndpoint$SocketProcessor.doRun(NioEndpoint.java:1587) [tomcat-embed-core-9.0.21.jar:9.0.21]
	at org.apache.tomcat.util.net.SocketProcessorBase.run(SocketProcessorBase.java:49) [tomcat-embed-core-9.0.21.jar:9.0.21]
	at java.util.concurrent.ThreadPoolExecutor.runWorker(ThreadPoolExecutor.java:1149) [na:1.8.0_192]
	at java.util.concurrent.ThreadPoolExecutor$Worker.run(ThreadPoolExecutor.java:624) [na:1.8.0_192]
	at org.apache.tomcat.util.threads.TaskThread$WrappingRunnable.run(TaskThread.java:61) [tomcat-embed-core-9.0.21.jar:9.0.21]
	at java.lang.Thread.run(Thread.java:748) [na:1.8.0_192]

2020-06-16 14:05:47.617 DEBUG 6184 --- [http-nio-8080-exec-3] c.r.test.mapper.SpuMapper.selectList     : ==>  Preparing: SELECT id,updated_time,spu_name,is_deleted,created_time,updated_user,store_id,created_user FROM spu WHERE (store_id IN (?) AND is_deleted = ?) ORDER BY created_time DESC 
2020-06-16 14:05:47.617 DEBUG 6184 --- [http-nio-8080-exec-3] c.r.test.mapper.SpuMapper.selectList     : ==> Parameters: 1(Integer), false(Boolean)
2020-06-16 14:05:47.620 DEBUG 6184 --- [http-nio-8080-exec-3] c.r.test.mapper.SpuMapper.selectList     : <==      Total: 4
2020-06-16 14:05:47.988 DEBUG 6184 --- [http-nio-8080-exec-3] c.r.test.mapper.SkuMapper.selectList     : ==>  Preparing: SELECT id,sku_name,updated_time,is_deleted,price,created_time,spu_id,updated_user,created_user FROM sku WHERE (spu_id IN (?,?,?,?) AND is_deleted = ?) ORDER BY created_time DESC 
2020-06-16 14:05:47.989 DEBUG 6184 --- [http-nio-8080-exec-3] c.r.test.mapper.SkuMapper.selectList     : ==> Parameters: 4(Integer), 3(Integer), 2(Integer), 1(Integer), false(Boolean)
2020-06-16 14:05:47.993 DEBUG 6184 --- [http-nio-8080-exec-3] c.r.test.mapper.SkuMapper.selectList     : <==      Total: 5
2020-06-16 16:17:58.020 DEBUG 6184 --- [http-nio-8080-exec-7] c.r.test.mapper.StoreMapper.selectById   : ==>  Preparing: SELECT id,updated_time,is_deleted,created_time,lon,store_name,updated_user,created_user,lat FROM store WHERE id=? 
2020-06-16 16:17:58.147 DEBUG 6184 --- [http-nio-8080-exec-7] c.r.test.mapper.StoreMapper.selectById   : ==> Parameters: 1(Integer)
2020-06-16 16:17:58.290 DEBUG 6184 --- [http-nio-8080-exec-7] c.r.test.mapper.StoreMapper.selectById   : <==      Total: 1
2020-06-16 16:17:58.416 DEBUG 6184 --- [http-nio-8080-exec-7] c.r.test.mapper.StoreMapper.updateById   : ==>  Preparing: UPDATE store SET updated_time=?, lon=?, store_name=?, updated_user=? WHERE id=? 
2020-06-16 16:17:58.516 DEBUG 6184 --- [http-nio-8080-exec-7] c.r.test.mapper.StoreMapper.updateById   : ==> Parameters: 2020-06-16 16:17:57.068(Timestamp), 35(String), 店铺测试111(String), helisen(String), 1(Integer)
2020-06-16 16:17:58.593 DEBUG 6184 --- [http-nio-8080-exec-7] c.r.test.mapper.StoreMapper.updateById   : <==    Updates: 1
2020-06-16 16:17:58.607 DEBUG 6184 --- [http-nio-8080-exec-7] c.r.test.mapper.StoreMapper.selectById   : ==>  Preparing: SELECT id,updated_time,is_deleted,created_time,lon,store_name,updated_user,created_user,lat FROM store WHERE id=? 
2020-06-16 16:17:58.610 DEBUG 6184 --- [http-nio-8080-exec-7] c.r.test.mapper.StoreMapper.selectById   : ==> Parameters: 1(Integer)
2020-06-16 16:17:58.613 DEBUG 6184 --- [http-nio-8080-exec-7] c.r.test.mapper.StoreMapper.selectById   : <==      Total: 1
2020-06-16 16:17:59.444  INFO 6184 --- [I/O dispatcher 1] c.r.test.service.impl.StoreServiceImpl   : add store index IndexResponse[index=store_index,type=doc,id=1,version=1,result=created,seqNo=9,primaryTerm=2,shards={"total":2,"successful":1,"failed":0}]
2020-06-16 16:23:00.158 DEBUG 6184 --- [http-nio-8080-exec-9] c.r.test.mapper.SpuMapper.selectList     : ==>  Preparing: SELECT id,updated_time,spu_name,is_deleted,created_time,updated_user,store_id,created_user FROM spu WHERE (store_id IN (?) AND is_deleted = ?) ORDER BY created_time DESC 
2020-06-16 16:23:00.175 DEBUG 6184 --- [http-nio-8080-exec-9] c.r.test.mapper.SpuMapper.selectList     : ==> Parameters: 1(Integer), false(Boolean)
2020-06-16 16:23:00.178 DEBUG 6184 --- [http-nio-8080-exec-9] c.r.test.mapper.SpuMapper.selectList     : <==      Total: 4
2020-06-16 16:23:00.585 DEBUG 6184 --- [http-nio-8080-exec-9] c.r.test.mapper.SkuMapper.selectList     : ==>  Preparing: SELECT id,sku_name,updated_time,is_deleted,price,created_time,spu_id,updated_user,created_user FROM sku WHERE (spu_id IN (?,?,?,?) AND is_deleted = ?) ORDER BY created_time DESC 
2020-06-16 16:23:00.589 DEBUG 6184 --- [http-nio-8080-exec-9] c.r.test.mapper.SkuMapper.selectList     : ==> Parameters: 4(Integer), 3(Integer), 2(Integer), 1(Integer), false(Boolean)
2020-06-16 16:23:00.589 DEBUG 6184 --- [http-nio-8080-exec-9] c.r.test.mapper.SkuMapper.selectList     : <==      Total: 5
2020-06-16 16:23:30.512 DEBUG 6184 --- [http-nio-8080-exec-10] c.r.test.mapper.StoreMapper.selectById   : ==>  Preparing: SELECT id,updated_time,is_deleted,created_time,lon,store_name,updated_user,created_user,lat FROM store WHERE id=? 
2020-06-16 16:23:30.512 DEBUG 6184 --- [http-nio-8080-exec-10] c.r.test.mapper.StoreMapper.selectById   : ==> Parameters: 2(Integer)
2020-06-16 16:23:30.514 DEBUG 6184 --- [http-nio-8080-exec-10] c.r.test.mapper.StoreMapper.selectById   : <==      Total: 1
2020-06-16 16:23:30.551 DEBUG 6184 --- [http-nio-8080-exec-10] c.r.test.mapper.StoreMapper.updateById   : ==>  Preparing: UPDATE store SET updated_time=?, lon=?, store_name=?, updated_user=? WHERE id=? 
2020-06-16 16:23:30.552 DEBUG 6184 --- [http-nio-8080-exec-10] c.r.test.mapper.StoreMapper.updateById   : ==> Parameters: 2020-06-16 16:23:30.51(Timestamp), 70(String), 店铺测试222(String), helisen(String), 2(Integer)
2020-06-16 16:23:30.569 DEBUG 6184 --- [http-nio-8080-exec-10] c.r.test.mapper.StoreMapper.updateById   : <==    Updates: 1
2020-06-16 16:23:30.571 DEBUG 6184 --- [http-nio-8080-exec-10] c.r.test.mapper.StoreMapper.selectById   : ==>  Preparing: SELECT id,updated_time,is_deleted,created_time,lon,store_name,updated_user,created_user,lat FROM store WHERE id=? 
2020-06-16 16:23:30.572 DEBUG 6184 --- [http-nio-8080-exec-10] c.r.test.mapper.StoreMapper.selectById   : ==> Parameters: 2(Integer)
2020-06-16 16:23:30.574 DEBUG 6184 --- [http-nio-8080-exec-10] c.r.test.mapper.StoreMapper.selectById   : <==      Total: 1
2020-06-16 16:23:30.641  INFO 6184 --- [I/O dispatcher 1] c.r.test.service.impl.StoreServiceImpl   : add store index IndexResponse[index=store_index,type=doc,id=2,version=1,result=created,seqNo=5,primaryTerm=2,shards={"total":2,"successful":1,"failed":0}]
2020-06-16 16:23:54.044 DEBUG 6184 --- [http-nio-8080-exec-2] c.r.test.mapper.SpuMapper.selectList     : ==>  Preparing: SELECT id,updated_time,spu_name,is_deleted,created_time,updated_user,store_id,created_user FROM spu WHERE (store_id IN (?) AND is_deleted = ?) ORDER BY created_time DESC 
2020-06-16 16:23:54.047 DEBUG 6184 --- [http-nio-8080-exec-2] c.r.test.mapper.SpuMapper.selectList     : ==> Parameters: 2(Integer), false(Boolean)
2020-06-16 16:23:54.104 DEBUG 6184 --- [http-nio-8080-exec-2] c.r.test.mapper.SpuMapper.selectList     : <==      Total: 3
2020-06-16 16:23:54.108 DEBUG 6184 --- [http-nio-8080-exec-2] c.r.test.mapper.SkuMapper.selectList     : ==>  Preparing: SELECT id,sku_name,updated_time,is_deleted,price,created_time,spu_id,updated_user,created_user FROM sku WHERE (spu_id IN (?,?,?) AND is_deleted = ?) ORDER BY created_time DESC 
2020-06-16 16:23:54.109 DEBUG 6184 --- [http-nio-8080-exec-2] c.r.test.mapper.SkuMapper.selectList     : ==> Parameters: 7(Integer), 6(Integer), 5(Integer), false(Boolean)
2020-06-16 16:23:54.117 DEBUG 6184 --- [http-nio-8080-exec-2] c.r.test.mapper.SkuMapper.selectList     : <==      Total: 4
2020-06-16 16:44:23.919  INFO 6184 --- [Thread-392] o.s.s.concurrent.ThreadPoolTaskExecutor  : Shutting down ExecutorService 'applicationTaskExecutor'
2020-06-16 16:44:24.991  INFO 6184 --- [Thread-392] com.alibaba.druid.pool.DruidDataSource   : {dataSource-1} closed
2020-06-16 16:45:17.716  INFO 4484 --- [main] com.redis.test.Application               : Starting Application on Jasonhls with PID 4484 (E:\originalProjects\SpringBootTest\target\classes started by Jason in E:\originalProjects\SpringBootTest)
2020-06-16 16:45:17.719 DEBUG 4484 --- [main] com.redis.test.Application               : Running with Spring Boot v2.1.6.RELEASE, Spring v5.1.8.RELEASE
2020-06-16 16:45:17.719  INFO 4484 --- [main] com.redis.test.Application               : The following profiles are active: local
2020-06-16 16:45:48.128  INFO 4484 --- [main] .s.d.r.c.RepositoryConfigurationDelegate : Multiple Spring Data modules found, entering strict repository configuration mode!
2020-06-16 16:45:48.128  INFO 4484 --- [main] .s.d.r.c.RepositoryConfigurationDelegate : Bootstrapping Spring Data repositories in DEFAULT mode.
2020-06-16 16:45:48.261  INFO 4484 --- [main] .s.d.r.c.RepositoryConfigurationDelegate : Finished Spring Data repository scanning in 118ms. Found 0 repository interfaces.
2020-06-16 16:46:25.283  INFO 4484 --- [main] trationDelegate$BeanPostProcessorChecker : Bean 'org.springframework.kafka.annotation.KafkaBootstrapConfiguration' of type [org.springframework.kafka.annotation.KafkaBootstrapConfiguration$$EnhancerBySpringCGLIB$$f179257f] is not eligible for getting processed by all BeanPostProcessors (for example: not eligible for auto-proxying)
2020-06-16 16:46:35.715  INFO 4484 --- [main] trationDelegate$BeanPostProcessorChecker : Bean 'org.springframework.transaction.annotation.ProxyTransactionManagementConfiguration' of type [org.springframework.transaction.annotation.ProxyTransactionManagementConfiguration$$EnhancerBySpringCGLIB$$1dc713fc] is not eligible for getting processed by all BeanPostProcessors (for example: not eligible for auto-proxying)
2020-06-16 16:47:40.993  INFO 4484 --- [main] o.s.b.w.embedded.tomcat.TomcatWebServer  : Tomcat initialized with port(s): 8080 (http)
2020-06-16 16:47:41.018  INFO 4484 --- [main] o.apache.catalina.core.StandardService   : Starting service [Tomcat]
2020-06-16 16:47:41.019  INFO 4484 --- [main] org.apache.catalina.core.StandardEngine  : Starting Servlet engine: [Apache Tomcat/9.0.21]
2020-06-16 16:47:41.263  INFO 4484 --- [main] o.a.c.c.C.[Tomcat].[localhost].[/]       : Initializing Spring embedded WebApplicationContext
2020-06-16 16:47:41.263  INFO 4484 --- [main] o.s.web.context.ContextLoader            : Root WebApplicationContext: initialization completed in 143493 ms
2020-06-16 16:49:47.153  WARN 4484 --- [main] c.b.m.core.metadata.TableInfoHelper      : Warn: Could not find @TableId in Class: com.redis.test.entity.TbMiaosha.
2020-06-16 16:52:45.672  INFO 4484 --- [main] o.s.s.concurrent.ThreadPoolTaskExecutor  : Initializing ExecutorService 'applicationTaskExecutor'
2020-06-16 16:55:50.244  INFO 4484 --- [main] o.s.b.w.embedded.tomcat.TomcatWebServer  : Tomcat started on port(s): 8080 (http) with context path ''
2020-06-16 16:55:50.344  INFO 4484 --- [main] com.redis.test.Application               : Started Application in 633.292 seconds (JVM running for 636.721)
2020-06-16 16:58:30.250  INFO 4484 --- [Thread-393] o.s.s.concurrent.ThreadPoolTaskExecutor  : Shutting down ExecutorService 'applicationTaskExecutor'
2020-06-16 16:59:11.268  INFO 10864 --- [main] com.redis.test.Application               : Starting Application on Jasonhls with PID 10864 (E:\originalProjects\SpringBootTest\target\classes started by Jason in E:\originalProjects\SpringBootTest)
2020-06-16 16:59:11.285 DEBUG 10864 --- [main] com.redis.test.Application               : Running with Spring Boot v2.1.6.RELEASE, Spring v5.1.8.RELEASE
2020-06-16 16:59:11.286  INFO 10864 --- [main] com.redis.test.Application               : The following profiles are active: local
2020-06-16 16:59:40.674  INFO 10864 --- [main] .s.d.r.c.RepositoryConfigurationDelegate : Multiple Spring Data modules found, entering strict repository configuration mode!
2020-06-16 16:59:40.677  INFO 10864 --- [main] .s.d.r.c.RepositoryConfigurationDelegate : Bootstrapping Spring Data repositories in DEFAULT mode.
2020-06-16 16:59:40.806  INFO 10864 --- [main] .s.d.r.c.RepositoryConfigurationDelegate : Finished Spring Data repository scanning in 113ms. Found 0 repository interfaces.
2020-06-16 17:00:19.268  INFO 10864 --- [main] trationDelegate$BeanPostProcessorChecker : Bean 'org.springframework.kafka.annotation.KafkaBootstrapConfiguration' of type [org.springframework.kafka.annotation.KafkaBootstrapConfiguration$$EnhancerBySpringCGLIB$$f5a7444e] is not eligible for getting processed by all BeanPostProcessors (for example: not eligible for auto-proxying)
2020-06-16 17:00:30.668  INFO 10864 --- [main] trationDelegate$BeanPostProcessorChecker : Bean 'org.springframework.transaction.annotation.ProxyTransactionManagementConfiguration' of type [org.springframework.transaction.annotation.ProxyTransactionManagementConfiguration$$EnhancerBySpringCGLIB$$21f532cb] is not eligible for getting processed by all BeanPostProcessors (for example: not eligible for auto-proxying)
2020-06-16 17:01:36.052  INFO 10864 --- [main] o.s.b.w.embedded.tomcat.TomcatWebServer  : Tomcat initialized with port(s): 8080 (http)
2020-06-16 17:01:36.067  INFO 10864 --- [main] o.apache.catalina.core.StandardService   : Starting service [Tomcat]
2020-06-16 17:01:36.067  INFO 10864 --- [main] org.apache.catalina.core.StandardEngine  : Starting Servlet engine: [Apache Tomcat/9.0.21]
2020-06-16 17:01:36.304  INFO 10864 --- [main] o.a.c.c.C.[Tomcat].[localhost].[/]       : Initializing Spring embedded WebApplicationContext
2020-06-16 17:01:36.304  INFO 10864 --- [main] o.s.web.context.ContextLoader            : Root WebApplicationContext: initialization completed in 144922 ms
2020-06-16 17:03:44.416  WARN 10864 --- [main] c.b.m.core.metadata.TableInfoHelper      : Warn: Could not find @TableId in Class: com.redis.test.entity.TbMiaosha.
2020-06-16 17:06:35.592  INFO 10864 --- [main] o.s.s.concurrent.ThreadPoolTaskExecutor  : Initializing ExecutorService 'applicationTaskExecutor'
2020-06-16 17:09:35.127  INFO 10864 --- [main] o.s.b.w.embedded.tomcat.TomcatWebServer  : Tomcat started on port(s): 8080 (http) with context path ''
2020-06-16 17:09:35.222  INFO 10864 --- [main] com.redis.test.Application               : Started Application in 624.666 seconds (JVM running for 627.767)
2020-06-16 17:10:16.665  INFO 10864 --- [http-nio-8080-exec-1] o.a.c.c.C.[Tomcat].[localhost].[/]       : Initializing Spring DispatcherServlet 'dispatcherServlet'
2020-06-16 17:10:16.666  INFO 10864 --- [http-nio-8080-exec-1] o.s.web.servlet.DispatcherServlet        : Initializing Servlet 'dispatcherServlet'
2020-06-16 17:10:34.241  INFO 10864 --- [http-nio-8080-exec-1] o.s.web.servlet.DispatcherServlet        : Completed initialization in 17575 ms
2020-06-16 17:10:34.471  INFO 10864 --- [http-nio-8080-exec-1] com.alibaba.druid.pool.DruidDataSource   : {dataSource-1} inited
2020-06-16 17:10:34.655 DEBUG 10864 --- [http-nio-8080-exec-1] c.r.test.mapper.StoreMapper.selectById   : ==>  Preparing: SELECT id,updated_time,is_deleted,created_time,lon,store_name,updated_user,created_user,lat FROM store WHERE id=? 
2020-06-16 17:10:34.682 DEBUG 10864 --- [http-nio-8080-exec-1] c.r.test.mapper.StoreMapper.selectById   : ==> Parameters: 2(Integer)
2020-06-16 17:10:34.706 DEBUG 10864 --- [http-nio-8080-exec-1] c.r.test.mapper.StoreMapper.selectById   : <==      Total: 1
2020-06-16 17:10:34.741 DEBUG 10864 --- [http-nio-8080-exec-1] c.r.test.mapper.StoreMapper.updateById   : ==>  Preparing: UPDATE store SET updated_time=?, lon=?, store_name=?, updated_user=? WHERE id=? 
2020-06-16 17:10:34.741 DEBUG 10864 --- [http-nio-8080-exec-1] c.r.test.mapper.StoreMapper.updateById   : ==> Parameters: 2020-06-16 17:10:34.385(Timestamp), 70(String), 店铺测试222(String), helisen(String), 2(Integer)
2020-06-16 17:10:34.781 DEBUG 10864 --- [http-nio-8080-exec-1] c.r.test.mapper.StoreMapper.updateById   : <==    Updates: 1
2020-06-16 17:10:34.785 DEBUG 10864 --- [http-nio-8080-exec-1] c.r.test.mapper.StoreMapper.selectById   : ==>  Preparing: SELECT id,updated_time,is_deleted,created_time,lon,store_name,updated_user,created_user,lat FROM store WHERE id=? 
2020-06-16 17:10:34.785 DEBUG 10864 --- [http-nio-8080-exec-1] c.r.test.mapper.StoreMapper.selectById   : ==> Parameters: 2(Integer)
2020-06-16 17:10:34.785 DEBUG 10864 --- [http-nio-8080-exec-1] c.r.test.mapper.StoreMapper.selectById   : <==      Total: 1
2020-06-16 17:10:35.007 ERROR 10864 --- [http-nio-8080-exec-1] c.r.test.service.impl.StoreServiceImpl   : add store index error Validation Failed: 1: type is missing;
2020-06-16 17:18:20.973  INFO 10864 --- [Thread-411] o.s.s.concurrent.ThreadPoolTaskExecutor  : Shutting down ExecutorService 'applicationTaskExecutor'
2020-06-16 17:18:20.980  INFO 10864 --- [Thread-411] com.alibaba.druid.pool.DruidDataSource   : {dataSource-1} closed
2020-06-16 17:18:34.730  INFO 18684 --- [main] com.redis.test.Application               : Starting Application on Jasonhls with PID 18684 (E:\originalProjects\SpringBootTest\target\classes started by Jason in E:\originalProjects\SpringBootTest)
2020-06-16 17:18:34.733 DEBUG 18684 --- [main] com.redis.test.Application               : Running with Spring Boot v2.1.6.RELEASE, Spring v5.1.8.RELEASE
2020-06-16 17:18:34.733  INFO 18684 --- [main] com.redis.test.Application               : The following profiles are active: local
2020-06-16 17:19:02.395  INFO 18684 --- [main] .s.d.r.c.RepositoryConfigurationDelegate : Multiple Spring Data modules found, entering strict repository configuration mode!
2020-06-16 17:19:02.398  INFO 18684 --- [main] .s.d.r.c.RepositoryConfigurationDelegate : Bootstrapping Spring Data repositories in DEFAULT mode.
2020-06-16 17:19:02.527  INFO 18684 --- [main] .s.d.r.c.RepositoryConfigurationDelegate : Finished Spring Data repository scanning in 113ms. Found 0 repository interfaces.
2020-06-16 17:19:39.184  INFO 18684 --- [main] trationDelegate$BeanPostProcessorChecker : Bean 'org.springframework.kafka.annotation.KafkaBootstrapConfiguration' of type [org.springframework.kafka.annotation.KafkaBootstrapConfiguration$$EnhancerBySpringCGLIB$$fffee87a] is not eligible for getting processed by all BeanPostProcessors (for example: not eligible for auto-proxying)
2020-06-16 17:19:49.872  INFO 18684 --- [main] trationDelegate$BeanPostProcessorChecker : Bean 'org.springframework.transaction.annotation.ProxyTransactionManagementConfiguration' of type [org.springframework.transaction.annotation.ProxyTransactionManagementConfiguration$$EnhancerBySpringCGLIB$$2c4cd6f7] is not eligible for getting processed by all BeanPostProcessors (for example: not eligible for auto-proxying)
2020-06-16 17:20:53.456  INFO 18684 --- [main] o.s.b.w.embedded.tomcat.TomcatWebServer  : Tomcat initialized with port(s): 8080 (http)
2020-06-16 17:20:53.482  INFO 18684 --- [main] o.apache.catalina.core.StandardService   : Starting service [Tomcat]
2020-06-16 17:20:53.482  INFO 18684 --- [main] org.apache.catalina.core.StandardEngine  : Starting Servlet engine: [Apache Tomcat/9.0.21]
2020-06-16 17:20:53.724  INFO 18684 --- [main] o.a.c.c.C.[Tomcat].[localhost].[/]       : Initializing Spring embedded WebApplicationContext
2020-06-16 17:20:53.724  INFO 18684 --- [main] o.s.web.context.ContextLoader            : Root WebApplicationContext: initialization completed in 138873 ms
2020-06-16 17:23:00.518  WARN 18684 --- [main] c.b.m.core.metadata.TableInfoHelper      : Warn: Could not find @TableId in Class: com.redis.test.entity.TbMiaosha.
2020-06-16 17:25:51.277  INFO 18684 --- [main] o.s.s.concurrent.ThreadPoolTaskExecutor  : Initializing ExecutorService 'applicationTaskExecutor'
2020-06-16 17:28:47.832  INFO 18684 --- [main] o.s.b.w.embedded.tomcat.TomcatWebServer  : Tomcat started on port(s): 8080 (http) with context path ''
2020-06-16 17:28:47.922  INFO 18684 --- [main] com.redis.test.Application               : Started Application in 613.905 seconds (JVM running for 616.612)
2020-06-16 17:28:54.919  INFO 18684 --- [http-nio-8080-exec-2] o.a.c.c.C.[Tomcat].[localhost].[/]       : Initializing Spring DispatcherServlet 'dispatcherServlet'
2020-06-16 17:28:54.919  INFO 18684 --- [http-nio-8080-exec-2] o.s.web.servlet.DispatcherServlet        : Initializing Servlet 'dispatcherServlet'
2020-06-16 17:29:12.156  INFO 18684 --- [http-nio-8080-exec-2] o.s.web.servlet.DispatcherServlet        : Completed initialization in 17237 ms
2020-06-16 17:29:12.392  INFO 18684 --- [http-nio-8080-exec-2] com.alibaba.druid.pool.DruidDataSource   : {dataSource-1} inited
2020-06-16 17:29:12.575 DEBUG 18684 --- [http-nio-8080-exec-2] c.r.test.mapper.StoreMapper.selectById   : ==>  Preparing: SELECT id,updated_time,is_deleted,created_time,lon,store_name,updated_user,created_user,lat FROM store WHERE id=? 
2020-06-16 17:29:12.597 DEBUG 18684 --- [http-nio-8080-exec-2] c.r.test.mapper.StoreMapper.selectById   : ==> Parameters: 2(Integer)
2020-06-16 17:29:12.623 DEBUG 18684 --- [http-nio-8080-exec-2] c.r.test.mapper.StoreMapper.selectById   : <==      Total: 1
2020-06-16 17:29:12.656 DEBUG 18684 --- [http-nio-8080-exec-2] c.r.test.mapper.StoreMapper.updateById   : ==>  Preparing: UPDATE store SET updated_time=?, lon=?, store_name=?, updated_user=? WHERE id=? 
2020-06-16 17:29:12.660 DEBUG 18684 --- [http-nio-8080-exec-2] c.r.test.mapper.StoreMapper.updateById   : ==> Parameters: 2020-06-16 17:29:12.314(Timestamp), 70(String), 店铺测试222(String), helisen(String), 2(Integer)
2020-06-16 17:29:12.682 DEBUG 18684 --- [http-nio-8080-exec-2] c.r.test.mapper.StoreMapper.updateById   : <==    Updates: 1
2020-06-16 17:29:12.686 DEBUG 18684 --- [http-nio-8080-exec-2] c.r.test.mapper.StoreMapper.selectById   : ==>  Preparing: SELECT id,updated_time,is_deleted,created_time,lon,store_name,updated_user,created_user,lat FROM store WHERE id=? 
2020-06-16 17:29:12.686 DEBUG 18684 --- [http-nio-8080-exec-2] c.r.test.mapper.StoreMapper.selectById   : ==> Parameters: 2(Integer)
2020-06-16 17:29:12.689 DEBUG 18684 --- [http-nio-8080-exec-2] c.r.test.mapper.StoreMapper.selectById   : <==      Total: 1
2020-06-16 17:29:15.596 ERROR 18684 --- [I/O dispatcher 1] c.r.test.service.impl.StoreServiceImpl   : add store index error Elasticsearch exception [type=illegal_argument_exception, reason=Rejecting mapping update to [store_index] as the final mapping would have more than 1 type: [_doc, doc]]
2020-06-16 17:30:37.988 DEBUG 18684 --- [http-nio-8080-exec-4] c.r.test.mapper.StoreMapper.selectById   : ==>  Preparing: SELECT id,updated_time,is_deleted,created_time,lon,store_name,updated_user,created_user,lat FROM store WHERE id=? 
2020-06-16 17:30:37.988 DEBUG 18684 --- [http-nio-8080-exec-4] c.r.test.mapper.StoreMapper.selectById   : ==> Parameters: 2(Integer)
2020-06-16 17:30:37.988 DEBUG 18684 --- [http-nio-8080-exec-4] c.r.test.mapper.StoreMapper.selectById   : <==      Total: 1
2020-06-16 17:30:37.992 DEBUG 18684 --- [http-nio-8080-exec-4] c.r.test.mapper.StoreMapper.updateById   : ==>  Preparing: UPDATE store SET updated_time=?, lon=?, store_name=?, updated_user=? WHERE id=? 
2020-06-16 17:30:37.992 DEBUG 18684 --- [http-nio-8080-exec-4] c.r.test.mapper.StoreMapper.updateById   : ==> Parameters: 2020-06-16 17:30:37.982(Timestamp), 70(String), 店铺测试222(String), helisen(String), 2(Integer)
2020-06-16 17:30:38.004 DEBUG 18684 --- [http-nio-8080-exec-4] c.r.test.mapper.StoreMapper.updateById   : <==    Updates: 1
2020-06-16 17:30:38.004 DEBUG 18684 --- [http-nio-8080-exec-4] c.r.test.mapper.StoreMapper.selectById   : ==>  Preparing: SELECT id,updated_time,is_deleted,created_time,lon,store_name,updated_user,created_user,lat FROM store WHERE id=? 
2020-06-16 17:30:38.004 DEBUG 18684 --- [http-nio-8080-exec-4] c.r.test.mapper.StoreMapper.selectById   : ==> Parameters: 2(Integer)
2020-06-16 17:30:38.009 DEBUG 18684 --- [http-nio-8080-exec-4] c.r.test.mapper.StoreMapper.selectById   : <==      Total: 1
2020-06-16 17:30:40.643  INFO 18684 --- [I/O dispatcher 1] c.r.test.service.impl.StoreServiceImpl   : add store index IndexResponse[index=store_index,type=_doc,id=2,version=1,result=created,seqNo=0,primaryTerm=1,shards={"total":2,"successful":1,"failed":0}]
2020-06-16 17:30:51.676 DEBUG 18684 --- [http-nio-8080-exec-5] c.r.test.mapper.SpuMapper.selectList     : ==>  Preparing: SELECT id,updated_time,spu_name,is_deleted,created_time,updated_user,store_id,created_user FROM spu WHERE (store_id IN (?) AND is_deleted = ?) ORDER BY created_time DESC 
2020-06-16 17:30:51.677 DEBUG 18684 --- [http-nio-8080-exec-5] c.r.test.mapper.SpuMapper.selectList     : ==> Parameters: 2(Integer), false(Boolean)
2020-06-16 17:30:51.679 DEBUG 18684 --- [http-nio-8080-exec-5] c.r.test.mapper.SpuMapper.selectList     : <==      Total: 3
2020-06-16 17:30:51.688 DEBUG 18684 --- [http-nio-8080-exec-5] c.r.test.mapper.SkuMapper.selectList     : ==>  Preparing: SELECT id,sku_name,updated_time,is_deleted,price,created_time,spu_id,updated_user,created_user FROM sku WHERE (spu_id IN (?,?,?) AND is_deleted = ?) ORDER BY created_time DESC 
2020-06-16 17:30:51.688 DEBUG 18684 --- [http-nio-8080-exec-5] c.r.test.mapper.SkuMapper.selectList     : ==> Parameters: 7(Integer), 6(Integer), 5(Integer), false(Boolean)
2020-06-16 17:30:51.692 DEBUG 18684 --- [http-nio-8080-exec-5] c.r.test.mapper.SkuMapper.selectList     : <==      Total: 4
2020-06-16 17:31:07.454 DEBUG 18684 --- [http-nio-8080-exec-9] c.r.test.mapper.StoreMapper.selectById   : ==>  Preparing: SELECT id,updated_time,is_deleted,created_time,lon,store_name,updated_user,created_user,lat FROM store WHERE id=? 
2020-06-16 17:31:07.455 DEBUG 18684 --- [http-nio-8080-exec-9] c.r.test.mapper.StoreMapper.selectById   : ==> Parameters: 1(Integer)
2020-06-16 17:31:07.457 DEBUG 18684 --- [http-nio-8080-exec-9] c.r.test.mapper.StoreMapper.selectById   : <==      Total: 1
2020-06-16 17:31:07.458 DEBUG 18684 --- [http-nio-8080-exec-9] c.r.test.mapper.StoreMapper.updateById   : ==>  Preparing: UPDATE store SET updated_time=?, lon=?, store_name=?, updated_user=? WHERE id=? 
2020-06-16 17:31:07.459 DEBUG 18684 --- [http-nio-8080-exec-9] c.r.test.mapper.StoreMapper.updateById   : ==> Parameters: 2020-06-16 17:31:07.453(Timestamp), 50(String), 店铺测试111(String), helisen(String), 1(Integer)
2020-06-16 17:31:07.467 DEBUG 18684 --- [http-nio-8080-exec-9] c.r.test.mapper.StoreMapper.updateById   : <==    Updates: 1
2020-06-16 17:31:07.469 DEBUG 18684 --- [http-nio-8080-exec-9] c.r.test.mapper.StoreMapper.selectById   : ==>  Preparing: SELECT id,updated_time,is_deleted,created_time,lon,store_name,updated_user,created_user,lat FROM store WHERE id=? 
2020-06-16 17:31:07.469 DEBUG 18684 --- [http-nio-8080-exec-9] c.r.test.mapper.StoreMapper.selectById   : ==> Parameters: 1(Integer)
2020-06-16 17:31:07.470 DEBUG 18684 --- [http-nio-8080-exec-9] c.r.test.mapper.StoreMapper.selectById   : <==      Total: 1
2020-06-16 17:31:07.489  INFO 18684 --- [I/O dispatcher 1] c.r.test.service.impl.StoreServiceImpl   : add store index IndexResponse[index=store_index,type=_doc,id=1,version=1,result=created,seqNo=0,primaryTerm=1,shards={"total":2,"successful":1,"failed":0}]
2020-06-16 17:31:17.209 DEBUG 18684 --- [http-nio-8080-exec-8] c.r.test.mapper.SpuMapper.selectList     : ==>  Preparing: SELECT id,updated_time,spu_name,is_deleted,created_time,updated_user,store_id,created_user FROM spu WHERE (store_id IN (?) AND is_deleted = ?) ORDER BY created_time DESC 
2020-06-16 17:31:17.211 DEBUG 18684 --- [http-nio-8080-exec-8] c.r.test.mapper.SpuMapper.selectList     : ==> Parameters: 1(Integer), false(Boolean)
2020-06-16 17:31:17.213 DEBUG 18684 --- [http-nio-8080-exec-8] c.r.test.mapper.SpuMapper.selectList     : <==      Total: 4
2020-06-16 17:31:17.216 DEBUG 18684 --- [http-nio-8080-exec-8] c.r.test.mapper.SkuMapper.selectList     : ==>  Preparing: SELECT id,sku_name,updated_time,is_deleted,price,created_time,spu_id,updated_user,created_user FROM sku WHERE (spu_id IN (?,?,?,?) AND is_deleted = ?) ORDER BY created_time DESC 
2020-06-16 17:31:17.217 DEBUG 18684 --- [http-nio-8080-exec-8] c.r.test.mapper.SkuMapper.selectList     : ==> Parameters: 4(Integer), 3(Integer), 2(Integer), 1(Integer), false(Boolean)
2020-06-16 17:31:17.219 DEBUG 18684 --- [http-nio-8080-exec-8] c.r.test.mapper.SkuMapper.selectList     : <==      Total: 5
2020-06-16 18:06:16.593  INFO 18684 --- [Thread-405] o.s.s.concurrent.ThreadPoolTaskExecutor  : Shutting down ExecutorService 'applicationTaskExecutor'
2020-06-16 18:06:16.624  INFO 18684 --- [Thread-405] com.alibaba.druid.pool.DruidDataSource   : {dataSource-1} closed
